#
# A fatal error has been detected by the Java Runtime Environment:
#
#  Internal Error (javaCalls.cpp:51), pid=13399, tid=0x0000000000002d03
#  guarantee(thread->is_Java_thread()) failed: crucial check - the VM thread cannot and must not escape to Java code
#
# JRE version: Java(TM) SE Runtime Environment (8.0_181-b13) (build 1.8.0_181-b13)
# Java VM: Java HotSpot(TM) 64-Bit Server VM (25.181-b13 mixed mode bsd-amd64 compressed oops)
# Failed to write core dump. Core dumps have been disabled. To enable core dumping, try "ulimit -c unlimited" before starting Java again
#
# If you would like to submit a bug report, please visit:
#   http://bugreport.java.com/bugreport/crash.jsp
#

---------------  T H R E A D  ---------------

Current thread (0x00007ff7a1002800):  VMThread [stack: 0x000070000d768000,0x000070000d868000] [id=11523]

Stack: [0x000070000d768000,0x000070000d868000],  sp=0x000070000d866610,  free space=1017k
Native frames: (J=compiled Java code, j=interpreted, Vv=VM code, C=native code)
V  [libjvm.dylib+0x5b581a]
V  [libjvm.dylib+0x1e9185]
V  [libjvm.dylib+0x2ef35c]
V  [libjvm.dylib+0x2efc14]
V  [libjvm.dylib+0x2f0147]
V  [libjvm.dylib+0x243b41]
V  [libjvm.dylib+0x243c3c]
V  [libjvm.dylib+0x243e9b]
V  [libjvm.dylib+0x243eb6]
V  [libjvm.dylib+0x287b87]
V  [libjvm.dylib+0x287c17]
V  [libjvm.dylib+0x288c17]
V  [libjvm.dylib+0x28a7ec]
V  [libjvm.dylib+0x28aa3b]
V  [libjvm.dylib+0x28afd2]
V  [libjvm.dylib+0x28b3eb]
V  [libjvm.dylib+0x485331]
V  [libjvm.dylib+0x48553a]
V  [libjvm.dylib+0x48571b]
V  [libjvm.dylib+0x4859d2]
V  [libjvm.dylib+0x2c2b04]
V  [libjvm.dylib+0x45306d]
V  [libjvm.dylib+0x39afbf]
V  [libjvm.dylib+0x5bd499]
V  [libjvm.dylib+0x5bba31]
V  [libjvm.dylib+0x5bbe7e]
V  [libjvm.dylib+0x5bb79d]
V  [libjvm.dylib+0x48e342]
C  [libsystem_pthread.dylib+0x393b]  _pthread_body+0xb4
C  [libsystem_pthread.dylib+0x3887]  _pthread_body+0x0
C  [libsystem_pthread.dylib+0x308d]  thread_start+0xd

VM_Operation (0x000070000dc73958): GetOrSetLocal, mode: safepoint, requested by thread 0x00007ff7a1007000


---------------  P R O C E S S  ---------------

Java Threads: ( => current thread )
  0x00007ff79f8d2000 JavaThread "Service Thread" daemon [_thread_blocked, id=20227, stack(0x000070000e186000,0x000070000e286000)]
  0x00007ff7a100d800 JavaThread "C1 CompilerThread2" daemon [_thread_blocked, id=19715, stack(0x000070000e083000,0x000070000e183000)]
  0x00007ff7a100d000 JavaThread "C2 CompilerThread1" daemon [_thread_blocked, id=19203, stack(0x000070000df80000,0x000070000e080000)]
  0x00007ff7a100c000 JavaThread "C2 CompilerThread0" daemon [_thread_blocked, id=18691, stack(0x000070000de7d000,0x000070000df7d000)]
  0x00007ff7a080a000 JavaThread "JDWP Command Reader" daemon [_thread_in_native, id=18179, stack(0x000070000dd7a000,0x000070000de7a000)]
  0x00007ff7a0833000 JavaThread "JDWP Event Helper Thread" daemon [_thread_blocked, id=17667, stack(0x000070000dc77000,0x000070000dd77000)]
  0x00007ff7a1007000 JavaThread "JDWP Transport Listener: dt_socket" daemon [_thread_blocked, id=17155, stack(0x000070000db74000,0x000070000dc74000)]
  0x00007ff7a1003800 JavaThread "Signal Dispatcher" daemon [_thread_blocked, id=16643, stack(0x000070000da71000,0x000070000db71000)]
  0x00007ff7a0832000 JavaThread "Finalizer" daemon [_thread_blocked, id=12547, stack(0x000070000d96e000,0x000070000da6e000)]
  0x00007ff79f80c000 JavaThread "Reference Handler" daemon [_thread_blocked, id=12035, stack(0x000070000d86b000,0x000070000d96b000)]
  0x00007ff7a001b000 JavaThread "main" [_thread_blocked, id=7171, stack(0x000070000d259000,0x000070000d359000)]

Other Threads:
=>0x00007ff7a1002800 VMThread [stack: 0x000070000d768000,0x000070000d868000] [id=11523]
  0x00007ff79f811000 WatcherThread [stack: 0x000070000e289000,0x000070000e389000] [id=20739]

VM state:at safepoint (normal execution)

VM Mutex/Monitor currently owned by a thread:  ([mutex/lock_event])
[0x00007ff79f40c560] Threads_lock - owner thread: 0x00007ff7a1002800

Heap:
 PSYoungGen      total 38400K, used 8685K [0x0000000795580000, 0x0000000798000000, 0x00000007c0000000)
  eden space 33280K, 26% used [0x0000000795580000,0x0000000795dfb760,0x0000000797600000)
  from space 5120K, 0% used [0x0000000797b00000,0x0000000797b00000,0x0000000798000000)
  to   space 5120K, 0% used [0x0000000797600000,0x0000000797600000,0x0000000797b00000)
 ParOldGen       total 87552K, used 0K [0x0000000740000000, 0x0000000745580000, 0x0000000795580000)
  object space 87552K, 0% used [0x0000000740000000,0x0000000740000000,0x0000000745580000)
 Metaspace       used 4937K, capacity 5222K, committed 5504K, reserved 1056768K
  class space    used 571K, capacity 593K, committed 640K, reserved 1048576K

Card table byte_map: [0x000000010f774000,0x000000010fb75000] byte_map_base: 0x000000010bd74000

Marking Bits: (ParMarkBitMap*) 0x000000010ecf9cd0
 Begin Bits: [0x000000010fe20000, 0x0000000111e20000)
 End Bits:   [0x0000000111e20000, 0x0000000113e20000)

Polling page: 0x000000010dacc000

CodeCache: size=245760Kb used=1812Kb max_used=1812Kb free=243947Kb
 bounds [0x000000011d4ff000, 0x000000011d76f000, 0x000000012c4ff000]
 total_blobs=528 nmethods=271 adapters=179
 compilation: enabled

Compilation events (10 events):
Event: 1.035 Thread 0x00007ff7a100d800 nmethod 269 0x000000011d6a9e50 code [0x000000011d6a9fe0, 0x000000011d6aa428]
Event: 1.035 Thread 0x00007ff7a100d800  267       3       sun.net.www.protocol.file.Handler::parseURL (18 bytes)
Event: 1.035 Thread 0x00007ff7a100d800 nmethod 267 0x000000011d6aa510 code [0x000000011d6aa680, 0x000000011d6aa8f8]
Event: 1.035 Thread 0x00007ff7a100d800  268       3       java.net.URLStreamHandler::parseURL (1193 bytes)
Event: 1.052 Thread 0x00007ff7a100d800 nmethod 268 0x000000011d6aaa10 code [0x000000011d6ab5e0, 0x000000011d6b5428]
Event: 1.057 Thread 0x00007ff7a100d800  270   !   3       sun.misc.URLClassPath$JarLoader::getResource (353 bytes)
Event: 1.058 Thread 0x00007ff7a100d000 nmethod 255 0x000000011d6c0bd0 code [0x000000011d6c0ee0, 0x000000011d6c2798]
Event: 1.061 Thread 0x00007ff7a100d800 nmethod 270 0x000000011d6bc690 code [0x000000011d6bcae0, 0x000000011d6bebd8]
Event: 1.157 Thread 0x00007ff7a100d800  271  s    3       java.lang.StringBuffer::toString (36 bytes)
Event: 1.157 Thread 0x00007ff7a100d800 nmethod 271 0x000000011d6c4610 code [0x000000011d6c47a0, 0x000000011d6c4c48]

GC Heap History (0 events):
No events

Deoptimization events (0 events):
No events

Classes redefined (6 events):
Event: 202.216 Thread 0x00007ff7a1002800 redefined class name=chapter04.FibonacciTest, count=1
Event: 314.799 Thread 0x00007ff7a1002800 redefined class name=chapter04.Fibonacci, count=1
Event: 351.157 Thread 0x00007ff7a1002800 redefined class name=chapter04.Fibonacci, count=2
Event: 367.089 Thread 0x00007ff7a1002800 redefined class name=chapter04.Fibonacci, count=3
Event: 386.442 Thread 0x00007ff7a1002800 redefined class name=chapter04.Fibonacci, count=4
Event: 399.194 Thread 0x00007ff7a1002800 redefined class name=chapter04.Fibonacci, count=5

Internal exceptions (7 events):
Event: 0.079 Thread 0x00007ff7a001b000 Exception <a 'java/lang/NoSuchMethodError': Method sun.misc.Unsafe.defineClass(Ljava/lang/String;[BII)Ljava/lang/Class; name or signature does not match> (0x0000000795587cb0) thrown at [/Users/java_re/workspace/8-2-build-macosx-x86_64/jdk8u181/11358/hotsp
Event: 0.079 Thread 0x00007ff7a001b000 Exception <a 'java/lang/NoSuchMethodError': Method sun.misc.Unsafe.prefetchRead(Ljava/lang/Object;J)V name or signature does not match> (0x0000000795587f98) thrown at [/Users/java_re/workspace/8-2-build-macosx-x86_64/jdk8u181/11358/hotspot/src/share/vm/pr
Event: 0.488 Thread 0x00007ff7a001b000 Exception <a 'java/io/FileNotFoundException'> (0x0000000795923240) thrown at [/Users/java_re/workspace/8-2-build-macosx-x86_64/jdk8u181/11358/hotspot/src/share/vm/prims/jni.cpp, line 709]
Event: 0.547 Thread 0x00007ff7a001b000 Exception <a 'java/security/PrivilegedActionException'> (0x00000007959736e0) thrown at [/Users/java_re/workspace/8-2-build-macosx-x86_64/jdk8u181/11358/hotspot/src/share/vm/prims/jvm.cpp, line 1435]
Event: 0.547 Thread 0x00007ff7a001b000 Exception <a 'java/security/PrivilegedActionException'> (0x00000007959738f0) thrown at [/Users/java_re/workspace/8-2-build-macosx-x86_64/jdk8u181/11358/hotspot/src/share/vm/prims/jvm.cpp, line 1435]
Event: 0.547 Thread 0x00007ff7a001b000 Exception <a 'java/security/PrivilegedActionException'> (0x0000000795976c20) thrown at [/Users/java_re/workspace/8-2-build-macosx-x86_64/jdk8u181/11358/hotspot/src/share/vm/prims/jvm.cpp, line 1435]
Event: 0.547 Thread 0x00007ff7a001b000 Exception <a 'java/security/PrivilegedActionException'> (0x0000000795976e30) thrown at [/Users/java_re/workspace/8-2-build-macosx-x86_64/jdk8u181/11358/hotspot/src/share/vm/prims/jvm.cpp, line 1435]

Events (10 events):
Event: 386.613 Executing VM operation: GetOrSetLocal done
Event: 399.188 Executing VM operation: ChangeBreakpoints
Event: 399.188 Executing VM operation: ChangeBreakpoints done
Event: 399.189 Executing VM operation: ChangeBreakpoints
Event: 399.189 Executing VM operation: ChangeBreakpoints done
Event: 399.189 Executing VM operation: ChangeBreakpoints
Event: 399.189 Executing VM operation: ChangeBreakpoints done
Event: 399.191 Executing VM operation: RedefineClasses
Event: 399.194 Executing VM operation: RedefineClasses done
Event: 399.195 Executing VM operation: GetOrSetLocal


Dynamic libraries:
0x00007fff89b4c000 	/System/Library/Frameworks/Cocoa.framework/Versions/A/Cocoa
0x00007fff903f0000 	/System/Library/Frameworks/Security.framework/Versions/A/Security
0x00007fff88a05000 	/System/Library/Frameworks/ApplicationServices.framework/Versions/A/ApplicationServices
0x00007fff9f7ff000 	/usr/lib/libz.1.dylib
0x00007fff9e352000 	/usr/lib/libSystem.B.dylib
0x00007fff9f000000 	/usr/lib/libobjc.A.dylib
0x00007fff8a0e2000 	/System/Library/Frameworks/CoreFoundation.framework/Versions/A/CoreFoundation
0x00007fff8bb5a000 	/System/Library/Frameworks/Foundation.framework/Versions/C/Foundation
0x00007fff87c1a000 	/System/Library/Frameworks/AppKit.framework/Versions/C/AppKit
0x00007fff89d38000 	/System/Library/Frameworks/CoreData.framework/Versions/A/CoreData
0x00007fff9add4000 	/System/Library/PrivateFrameworks/RemoteViewServices.framework/Versions/A/RemoteViewServices
0x00007fff9cdc2000 	/System/Library/PrivateFrameworks/UIFoundation.framework/Versions/A/UIFoundation
0x00007fff96170000 	/System/Library/PrivateFrameworks/DFRFoundation.framework/Versions/A/DFRFoundation
0x00007fff9e943000 	/usr/lib/libenergytrace.dylib
0x00007fff9bc01000 	/System/Library/PrivateFrameworks/SkyLight.framework/Versions/A/SkyLight
0x00007fff8a57c000 	/System/Library/Frameworks/CoreGraphics.framework/Versions/A/CoreGraphics
0x00007fff9e34d000 	/usr/lib/libScreenReader.dylib
0x00007fff86c3c000 	/System/Library/Frameworks/Accelerate.framework/Versions/A/Accelerate
0x00007fff8c158000 	/System/Library/Frameworks/IOSurface.framework/Versions/A/IOSurface
0x00007fff88f28000 	/System/Library/Frameworks/AudioToolbox.framework/Versions/A/AudioToolbox
0x00007fff89135000 	/System/Library/Frameworks/AudioUnit.framework/Versions/A/AudioUnit
0x00007fff961b5000 	/System/Library/PrivateFrameworks/DataDetectorsCore.framework/Versions/A/DataDetectorsCore
0x00007fff962a6000 	/System/Library/PrivateFrameworks/DesktopServicesPriv.framework/Versions/A/DesktopServicesPriv
0x00007fff89699000 	/System/Library/Frameworks/Carbon.framework/Versions/A/Frameworks/HIToolbox.framework/Versions/A/HIToolbox
0x00007fff9ea4c000 	/usr/lib/libicucore.A.dylib
0x00007fff8fc87000 	/System/Library/Frameworks/QuartzCore.framework/Versions/A/QuartzCore
0x00007fff89a65000 	/System/Library/Frameworks/Carbon.framework/Versions/A/Frameworks/SpeechRecognition.framework/Versions/A/SpeechRecognition
0x00007fff9e46b000 	/usr/lib/libauto.dylib
0x00007fff9f6e5000 	/usr/lib/libxml2.2.dylib
0x00007fff95e2a000 	/System/Library/PrivateFrameworks/CoreUI.framework/Versions/A/CoreUI
0x00007fff89c96000 	/System/Library/Frameworks/CoreAudio.framework/Versions/A/CoreAudio
0x00007fff8b9c3000 	/System/Library/Frameworks/DiskArbitration.framework/Versions/A/DiskArbitration
0x00007fff9ec77000 	/usr/lib/liblangid.dylib
0x00007fff99cbb000 	/System/Library/PrivateFrameworks/MultitouchSupport.framework/Versions/A/MultitouchSupport
0x00007fff8c0c1000 	/System/Library/Frameworks/IOKit.framework/Versions/A/IOKit
0x00007fff9e113000 	/usr/lib/libDiagnosticMessagesClient.dylib
0x00007fff8afa7000 	/System/Library/Frameworks/CoreServices.framework/Versions/A/CoreServices
0x00007fff9a678000 	/System/Library/PrivateFrameworks/PerformanceAnalysis.framework/Versions/A/PerformanceAnalysis
0x00007fff980f8000 	/System/Library/PrivateFrameworks/GenerationalStorage.framework/Versions/A/GenerationalStorage
0x00007fff8f127000 	/System/Library/Frameworks/OpenGL.framework/Versions/A/OpenGL
0x00007fff8abff000 	/System/Library/Frameworks/CoreImage.framework/Versions/A/CoreImage
0x00007fff8b6d0000 	/System/Library/Frameworks/CoreText.framework/Versions/A/CoreText
0x00007fff8c1b1000 	/System/Library/Frameworks/ImageIO.framework/Versions/A/ImageIO
0x00007fff939e7000 	/System/Library/PrivateFrameworks/Backup.framework/Versions/A/Backup
0x00007fff9e3bf000 	/usr/lib/libarchive.2.dylib
0x00007fff8929e000 	/System/Library/Frameworks/CFNetwork.framework/Versions/A/CFNetwork
0x00007fff90b1d000 	/System/Library/Frameworks/SystemConfiguration.framework/Versions/A/SystemConfiguration
0x00007fff9e05a000 	/usr/lib/libCRFSuite.dylib
0x00007fff9e48c000 	/usr/lib/libc++.1.dylib
0x00007fff9e4e3000 	/usr/lib/libc++abi.dylib
0x00007fff9f81f000 	/usr/lib/system/libcache.dylib
0x00007fff9f824000 	/usr/lib/system/libcommonCrypto.dylib
0x00007fff9f82f000 	/usr/lib/system/libcompiler_rt.dylib
0x00007fff9f837000 	/usr/lib/system/libcopyfile.dylib
0x00007fff9f840000 	/usr/lib/system/libcorecrypto.dylib
0x00007fff9f8c4000 	/usr/lib/system/libdispatch.dylib
0x00007fff9f8f6000 	/usr/lib/system/libdyld.dylib
0x00007fff9f8fc000 	/usr/lib/system/libkeymgr.dylib
0x00007fff9f90a000 	/usr/lib/system/liblaunch.dylib
0x00007fff9f90b000 	/usr/lib/system/libmacho.dylib
0x00007fff9f911000 	/usr/lib/system/libquarantine.dylib
0x00007fff9f914000 	/usr/lib/system/libremovefile.dylib
0x00007fff9f916000 	/usr/lib/system/libsystem_asl.dylib
0x00007fff9f92f000 	/usr/lib/system/libsystem_blocks.dylib
0x00007fff9f930000 	/usr/lib/system/libsystem_c.dylib
0x00007fff9f9be000 	/usr/lib/system/libsystem_configuration.dylib
0x00007fff9f9c2000 	/usr/lib/system/libsystem_coreservices.dylib
0x00007fff9f9c6000 	/usr/lib/system/libsystem_coretls.dylib
0x00007fff9f9df000 	/usr/lib/system/libsystem_dnssd.dylib
0x00007fff9f9e6000 	/usr/lib/system/libsystem_info.dylib
0x00007fff9fa10000 	/usr/lib/system/libsystem_kernel.dylib
0x00007fff9fa33000 	/usr/lib/system/libsystem_m.dylib
0x00007fff9fa7b000 	/usr/lib/system/libsystem_malloc.dylib
0x00007fff9fa9a000 	/usr/lib/system/libsystem_network.dylib
0x00007fff9faf4000 	/usr/lib/system/libsystem_networkextension.dylib
0x00007fff9fafe000 	/usr/lib/system/libsystem_notify.dylib
0x00007fff9fb08000 	/usr/lib/system/libsystem_platform.dylib
0x00007fff9fb11000 	/usr/lib/system/libsystem_pthread.dylib
0x00007fff9fb1c000 	/usr/lib/system/libsystem_sandbox.dylib
0x00007fff9fb20000 	/usr/lib/system/libsystem_secinit.dylib
0x00007fff9fb22000 	/usr/lib/system/libsystem_symptoms.dylib
0x00007fff9fb2a000 	/usr/lib/system/libsystem_trace.dylib
0x00007fff9fb3e000 	/usr/lib/system/libunwind.dylib
0x00007fff9fb44000 	/usr/lib/system/libxpc.dylib
0x00007fff9e46c000 	/usr/lib/libbsm.0.dylib
0x00007fff9f8fd000 	/usr/lib/system/libkxld.dylib
0x00007fff9e535000 	/usr/lib/libcoretls.dylib
0x00007fff9e536000 	/usr/lib/libcoretls_cfhelpers.dylib
0x00007fff9e34c000 	/usr/lib/libOpenScriptingUtil.dylib
0x00007fff9f3d5000 	/usr/lib/libpam.2.dylib
0x00007fff9f494000 	/usr/lib/libsqlite3.dylib
0x00007fff9f6d7000 	/usr/lib/libxar.1.dylib
0x00007fff9e47d000 	/usr/lib/libbz2.1.0.dylib
0x00007fff9ec79000 	/usr/lib/liblzma.5.dylib
0x00007fff9ef85000 	/usr/lib/libnetwork.dylib
0x00007fff9f3da000 	/usr/lib/libpcap.A.dylib
0x00007fff8b30a000 	/System/Library/Frameworks/CoreServices.framework/Versions/A/Frameworks/FSEvents.framework/Versions/A/FSEvents
0x00007fff8affa000 	/System/Library/Frameworks/CoreServices.framework/Versions/A/Frameworks/CarbonCore.framework/Versions/A/CarbonCore
0x00007fff8b480000 	/System/Library/Frameworks/CoreServices.framework/Versions/A/Frameworks/Metadata.framework/Versions/A/Metadata
0x00007fff8b531000 	/System/Library/Frameworks/CoreServices.framework/Versions/A/Frameworks/OSServices.framework/Versions/A/OSServices
0x00007fff8b591000 	/System/Library/Frameworks/CoreServices.framework/Versions/A/Frameworks/SearchKit.framework/Versions/A/SearchKit
0x00007fff8afa8000 	/System/Library/Frameworks/CoreServices.framework/Versions/A/Frameworks/AE.framework/Versions/A/AE
0x00007fff8b313000 	/System/Library/Frameworks/CoreServices.framework/Versions/A/Frameworks/LaunchServices.framework/Versions/A/LaunchServices
0x00007fff8b2d6000 	/System/Library/Frameworks/CoreServices.framework/Versions/A/Frameworks/DictionaryServices.framework/Versions/A/DictionaryServices
0x00007fff8b602000 	/System/Library/Frameworks/CoreServices.framework/Versions/A/Frameworks/SharedFileList.framework/Versions/A/SharedFileList
0x00007fff8e34b000 	/System/Library/Frameworks/NetFS.framework/Versions/A/NetFS
0x00007fff99d95000 	/System/Library/PrivateFrameworks/NetAuth.framework/Versions/A/NetAuth
0x00007fff9e003000 	/System/Library/PrivateFrameworks/login.framework/Versions/A/Frameworks/loginsupport.framework/Versions/A/loginsupport
0x00007fff9cbf4000 	/System/Library/PrivateFrameworks/TCC.framework/Versions/A/TCC
0x00007fff9ecaa000 	/usr/lib/libmecabra.dylib
0x00007fff88a06000 	/System/Library/Frameworks/ApplicationServices.framework/Versions/A/Frameworks/ATS.framework/Versions/A/ATS
0x00007fff88d85000 	/System/Library/Frameworks/ApplicationServices.framework/Versions/A/Frameworks/ColorSync.framework/Versions/A/ColorSync
0x00007fff88e30000 	/System/Library/Frameworks/ApplicationServices.framework/Versions/A/Frameworks/HIServices.framework/Versions/A/HIServices
0x00007fff88e82000 	/System/Library/Frameworks/ApplicationServices.framework/Versions/A/Frameworks/LangAnalysis.framework/Versions/A/LangAnalysis
0x00007fff88e92000 	/System/Library/Frameworks/ApplicationServices.framework/Versions/A/Frameworks/PrintCore.framework/Versions/A/PrintCore
0x00007fff88ee0000 	/System/Library/Frameworks/ApplicationServices.framework/Versions/A/Frameworks/QD.framework/Versions/A/QD
0x00007fff88f1c000 	/System/Library/Frameworks/ApplicationServices.framework/Versions/A/Frameworks/SpeechSynthesis.framework/Versions/A/SpeechSynthesis
0x00007fff86c55000 	/System/Library/Frameworks/Accelerate.framework/Versions/A/Frameworks/vImage.framework/Versions/A/vImage
0x00007fff8795b000 	/System/Library/Frameworks/Accelerate.framework/Versions/A/Frameworks/vecLib.framework/Versions/A/vecLib
0x00007fff87720000 	/System/Library/Frameworks/Accelerate.framework/Versions/A/Frameworks/vecLib.framework/Versions/A/libvDSP.dylib
0x00007fff872e1000 	/System/Library/Frameworks/Accelerate.framework/Versions/A/Frameworks/vecLib.framework/Versions/A/libBNNS.dylib
0x00007fff87704000 	/System/Library/Frameworks/Accelerate.framework/Versions/A/Frameworks/vecLib.framework/Versions/A/libQuadrature.dylib
0x00007fff878a8000 	/System/Library/Frameworks/Accelerate.framework/Versions/A/Frameworks/vecLib.framework/Versions/A/libvMisc.dylib
0x00007fff872f6000 	/System/Library/Frameworks/Accelerate.framework/Versions/A/Frameworks/vecLib.framework/Versions/A/libLAPACK.dylib
0x00007fff8716f000 	/System/Library/Frameworks/Accelerate.framework/Versions/A/Frameworks/vecLib.framework/Versions/A/libBLAS.dylib
0x00007fff876ed000 	/System/Library/Frameworks/Accelerate.framework/Versions/A/Frameworks/vecLib.framework/Versions/A/libLinearAlgebra.dylib
0x00007fff8770b000 	/System/Library/Frameworks/Accelerate.framework/Versions/A/Frameworks/vecLib.framework/Versions/A/libSparseBLAS.dylib
0x00007fff88b0e000 	/System/Library/Frameworks/ApplicationServices.framework/Versions/A/Frameworks/ATS.framework/Versions/A/Resources/libFontParser.dylib
0x00007fff88c3e000 	/System/Library/Frameworks/ApplicationServices.framework/Versions/A/Frameworks/ATS.framework/Versions/A/Resources/libFontRegistry.dylib
0x00007fff8c408000 	/System/Library/Frameworks/ImageIO.framework/Versions/A/Resources/libJPEG.dylib
0x00007fff8c457000 	/System/Library/Frameworks/ImageIO.framework/Versions/A/Resources/libTIFF.dylib
0x00007fff8c42c000 	/System/Library/Frameworks/ImageIO.framework/Versions/A/Resources/libPng.dylib
0x00007fff8c312000 	/System/Library/Frameworks/ImageIO.framework/Versions/A/Resources/libGIF.dylib
0x00007fff8c317000 	/System/Library/Frameworks/ImageIO.framework/Versions/A/Resources/libJP2.dylib
0x00007fff8c454000 	/System/Library/Frameworks/ImageIO.framework/Versions/A/Resources/libRadiance.dylib
0x00007fff9e51e000 	/usr/lib/libcompression.dylib
0x00007fff93529000 	/System/Library/PrivateFrameworks/AppleJPEG.framework/Versions/A/AppleJPEG
0x00007fff9e873000 	/usr/lib/libcups.2.dylib
0x00007fff8d20e000 	/System/Library/Frameworks/Kerberos.framework/Versions/A/Kerberos
0x00007fff8bf2c000 	/System/Library/Frameworks/GSS.framework/Versions/A/GSS
0x00007fff9f428000 	/usr/lib/libresolv.9.dylib
0x00007fff9e959000 	/usr/lib/libiconv.2.dylib
0x00007fff98825000 	/System/Library/PrivateFrameworks/Heimdal.framework/Versions/A/Heimdal
0x00007fff9e953000 	/usr/lib/libheimdal-asn1.dylib
0x00007fff8e59c000 	/System/Library/Frameworks/OpenDirectory.framework/Versions/A/OpenDirectory
0x00007fff9503c000 	/System/Library/PrivateFrameworks/CommonAuth.framework/Versions/A/CommonAuth
0x00007fff8e582000 	/System/Library/Frameworks/OpenDirectory.framework/Versions/A/Frameworks/CFOpenDirectory.framework/Versions/A/CFOpenDirectory
0x00007fff906f3000 	/System/Library/Frameworks/SecurityFoundation.framework/Versions/A/SecurityFoundation
0x00007fff98fdd000 	/System/Library/PrivateFrameworks/LanguageModeling.framework/Versions/A/LanguageModeling
0x00007fff9ec93000 	/usr/lib/libmarisa.dylib
0x00007fff9e076000 	/usr/lib/libChineseTokenizer.dylib
0x00007fff9e50d000 	/usr/lib/libcmph.dylib
0x00007fff9578e000 	/System/Library/PrivateFrameworks/CoreEmoji.framework/Versions/A/CoreEmoji
0x00007fff90793000 	/System/Library/Frameworks/ServiceManagement.framework/Versions/A/ServiceManagement
0x00007fff9f7d5000 	/usr/lib/libxslt.1.dylib
0x00007fff899ad000 	/System/Library/Frameworks/Carbon.framework/Versions/A/Frameworks/Ink.framework/Versions/A/Ink
0x00007fff9cc86000 	/System/Library/PrivateFrameworks/TextureIO.framework/Versions/A/TextureIO
0x00007fff8da07000 	/System/Library/Frameworks/Metal.framework/Versions/A/Metal
0x00007fff9e3eb000 	/usr/lib/libate.dylib
0x00007fff97e27000 	/System/Library/PrivateFrameworks/GPUCompiler.framework/libmetal_timestamp.dylib
0x00007fff8e5ab000 	/System/Library/Frameworks/OpenGL.framework/Versions/A/Libraries/libCoreFSCache.dylib
0x00007fff98eb6000 	/System/Library/PrivateFrameworks/IOAccelerator.framework/Versions/A/IOAccelerator
0x00007fff8b81e000 	/System/Library/Frameworks/CoreVideo.framework/Versions/A/CoreVideo
0x00007fff9e115000 	/usr/lib/libFosl_dynamic.dylib
0x00007fff99ab5000 	/System/Library/PrivateFrameworks/MetalPerformanceShaders.framework/Versions/A/MetalPerformanceShaders
0x00007fff9669f000 	/System/Library/PrivateFrameworks/FaceCore.framework/Versions/A/FaceCore
0x00007fff8e533000 	/System/Library/Frameworks/OpenCL.framework/Versions/A/OpenCL
0x00007fff8e77e000 	/System/Library/Frameworks/OpenGL.framework/Versions/A/Libraries/libGLU.dylib
0x00007fff8e5b4000 	/System/Library/Frameworks/OpenGL.framework/Versions/A/Libraries/libGFXShared.dylib
0x00007fff8e5be000 	/System/Library/Frameworks/OpenGL.framework/Versions/A/Libraries/libGL.dylib
0x00007fff8e5ca000 	/System/Library/Frameworks/OpenGL.framework/Versions/A/Libraries/libGLImage.dylib
0x00007fff8e5a8000 	/System/Library/Frameworks/OpenGL.framework/Versions/A/Libraries/libCVMSPluginSupport.dylib
0x00007fff8e5af000 	/System/Library/Frameworks/OpenGL.framework/Versions/A/Libraries/libCoreVMClient.dylib
0x00007fff960f0000 	/System/Library/PrivateFrameworks/CrashReporterSupport.framework/Versions/A/CrashReporterSupport
0x00007fff9bb53000 	/System/Library/PrivateFrameworks/Sharing.framework/Versions/A/Sharing
0x00007fff98ed4000 	/System/Library/PrivateFrameworks/IconServices.framework/Versions/A/IconServices
0x00007fff9ada1000 	/System/Library/PrivateFrameworks/ProtocolBuffer.framework/Versions/A/ProtocolBuffer
0x00007fff9340d000 	/System/Library/PrivateFrameworks/Apple80211.framework/Versions/A/Apple80211
0x00007fff8b854000 	/System/Library/Frameworks/CoreWLAN.framework/Versions/A/CoreWLAN
0x00007fff95f6a000 	/System/Library/PrivateFrameworks/CoreUtils.framework/Versions/A/CoreUtils
0x00007fff8c01d000 	/System/Library/Frameworks/IOBluetooth.framework/Versions/A/IOBluetooth
0x00007fff9608a000 	/System/Library/PrivateFrameworks/CoreWiFi.framework/Versions/A/CoreWiFi
0x00007fff89d24000 	/System/Library/Frameworks/CoreBluetooth.framework/Versions/A/CoreBluetooth
0x00007fff8a034000 	/System/Library/Frameworks/CoreDisplay.framework/Versions/A/CoreDisplay
0x00007fff98ebf000 	/System/Library/PrivateFrameworks/IOPresentment.framework/Versions/A/IOPresentment
0x00007fff9617b000 	/System/Library/PrivateFrameworks/DSExternalDisplay.framework/Versions/A/DSExternalDisplay
0x00007fff96266000 	/System/Library/PrivateFrameworks/DebugSymbols.framework/Versions/A/DebugSymbols
0x00007fff95d9a000 	/System/Library/PrivateFrameworks/CoreSymbolication.framework/Versions/A/CoreSymbolication
0x00007fff9c741000 	/System/Library/PrivateFrameworks/Symbolication.framework/Versions/A/Symbolication
0x00007fff93430000 	/System/Library/PrivateFrameworks/AppleFSCompression.framework/Versions/A/AppleFSCompression
0x00007fff9c049000 	/System/Library/PrivateFrameworks/SpeechRecognitionCore.framework/Versions/A/SpeechRecognitionCore
0x00007fff946f0000 	/System/Library/PrivateFrameworks/ChunkingLibrary.framework/Versions/A/ChunkingLibrary
0x000000010da30000 	/System/Library/CoreServices/Encodings/libKoreanConverter.dylib
0x000000010e400000 	/Library/Java/JavaVirtualMachines/jdk1.8.0_181.jdk/Contents/Home/jre/lib/server/libjvm.dylib
0x00007fff9f63e000 	/usr/lib/libstdc++.6.dylib
0x000000010da88000 	/Library/Java/JavaVirtualMachines/jdk1.8.0_181.jdk/Contents/Home/jre/lib/libverify.dylib
0x000000010da96000 	/Library/Java/JavaVirtualMachines/jdk1.8.0_181.jdk/Contents/Home/jre/lib/libjava.dylib
0x000000010dacd000 	/Library/Java/JavaVirtualMachines/jdk1.8.0_181.jdk/Contents/Home/jre/lib/libjdwp.dylib
0x000000010db18000 	/Library/Java/JavaVirtualMachines/jdk1.8.0_181.jdk/Contents/Home/jre/lib/libnpt.dylib
0x000000010db1c000 	/Library/Java/JavaVirtualMachines/jdk1.8.0_181.jdk/Contents/Home/jre/lib/libinstrument.dylib
0x000000010db7a000 	/Library/Java/JavaVirtualMachines/jdk1.8.0_181.jdk/Contents/Home/jre/lib/libzip.dylib
0x0000000117574000 	/Library/Java/JavaVirtualMachines/jdk1.8.0_181.jdk/Contents/Home/jre/lib/libdt_socket.dylib

VM Arguments:
jvm_args: -agentlib:jdwp=transport=dt_socket,address=127.0.0.1:50747,suspend=y,server=n -ea -Didea.test.cyclic.buffer.size=1048576 -javaagent:/Users/shin-yeonjong/Library/Caches/IntelliJIdea2018.2/captureAgent/debugger-agent.jar=file:/private/var/folders/n7/25n9jmrn1xn1y_3jjm4cfnkm0000gn/T/capture.props -Dfile.encoding=UTF-8 
java_command: com.intellij.rt.execution.junit.JUnitStarter -ideVersion5 -junit4 chapter04.FibonacciTest,test
java_class_path (initial): /Applications/IntelliJ IDEA.app/Contents/lib/idea_rt.jar:/Applications/IntelliJ IDEA.app/Contents/plugins/junit/lib/junit-rt.jar:/Applications/IntelliJ IDEA.app/Contents/plugins/junit/lib/junit5-rt.jar:/Library/Java/JavaVirtualMachines/jdk1.8.0_181.jdk/Contents/Home/jre/lib/charsets.jar:/Library/Java/JavaVirtualMachines/jdk1.8.0_181.jdk/Contents/Home/jre/lib/deploy.jar:/Library/Java/JavaVirtualMachines/jdk1.8.0_181.jdk/Contents/Home/jre/lib/ext/cldrdata.jar:/Library/Java/JavaVirtualMachines/jdk1.8.0_181.jdk/Contents/Home/jre/lib/ext/dnsns.jar:/Library/Java/JavaVirtualMachines/jdk1.8.0_181.jdk/Contents/Home/jre/lib/ext/jaccess.jar:/Library/Java/JavaVirtualMachines/jdk1.8.0_181.jdk/Contents/Home/jre/lib/ext/jfxrt.jar:/Library/Java/JavaVirtualMachines/jdk1.8.0_181.jdk/Contents/Home/jre/lib/ext/localedata.jar:/Library/Java/JavaVirtualMachines/jdk1.8.0_181.jdk/Contents/Home/jre/lib/ext/nashorn.jar:/Library/Java/JavaVirtualMachines/jdk1.8.0_181.jdk/Contents/Home/jre/lib/ext/sunec.jar:/Library/Java/JavaVirtualMachines/jdk1.8.0_181.jdk/Contents/Home/jre/lib/ext/sunjce_provider.jar:/Library/Java/JavaVirtualMachines/jdk1.8.0_181.jdk/Contents/Home/jre/lib/ext/sunpkcs11.jar:/Library/Java/JavaVirtualMachines/jdk1.8.0_181.jdk/Contents/Home/jre/lib/ext/zipfs.jar:/Library/Java/JavaVirtualMachines/jdk1.8.0_181.jdk/Contents/Home/jre/lib/javaws.jar:/Library/Java/JavaVirtualMachines/jdk1.8.0_181.jdk/Contents/Home/jre/lib/jce.jar:/Library/Java/JavaVirtualMachines/jdk1.8.0_181.jdk/Contents/Home/jre/lib/jfr.jar:/Library/Java/JavaVirtualMachines/jdk1.8.0_181.jdk/Contents/Home/jre/lib/jfxswt.jar:/Library/Java/JavaVirtualMachines/jdk1.8.0_181.jdk/Contents/Home/jre/lib/jsse.jar:/Library/Java/JavaVirtualMachines/jdk1.8.0_181.jdk/Contents/Home/jre/lib/management-agent.jar:/Library/Java/JavaVirtualMachines/jdk1.8.0_181.jdk/Contents/Home/jre/lib/plugin.jar:/Library/Java/JavaVirtualMachines/jdk1.8.0_181.jdk/Contents/Home/jre/lib/resources.jar:/Library/Java/JavaVirtualM
Launcher Type: SUN_STANDARD

Environment Variables:
PATH=/Library/Frameworks/Python.framework/Versions/3.6/bin:/usr/local/bin:/usr/bin:/bin:/usr/sbin:/sbin:/Library/Frameworks/Mono.framework/Versions/Current/Commands
SHELL=/bin/bash

Signal Handlers:
SIGSEGV: [libjvm.dylib+0x5b6029], sa_mask[0]=11111111011111110111111111111111, sa_flags=SA_ONSTACK|SA_RESTART|SA_SIGINFO
SIGBUS: [libjvm.dylib+0x5b6029], sa_mask[0]=11111111011111110111111111111111, sa_flags=SA_RESTART|SA_SIGINFO
SIGFPE: [libjvm.dylib+0x48b934], sa_mask[0]=11111111011111110111111111111111, sa_flags=SA_RESTART|SA_SIGINFO
SIGPIPE: [libjvm.dylib+0x48b934], sa_mask[0]=11111111011111110111111111111111, sa_flags=SA_RESTART|SA_SIGINFO
SIGXFSZ: [libjvm.dylib+0x48b934], sa_mask[0]=11111111011111110111111111111111, sa_flags=SA_RESTART|SA_SIGINFO
SIGILL: [libjvm.dylib+0x48b934], sa_mask[0]=11111111011111110111111111111111, sa_flags=SA_RESTART|SA_SIGINFO
SIGUSR1: SIG_DFL, sa_mask[0]=00000000000000000000000000000000, sa_flags=none
SIGUSR2: [libjvm.dylib+0x48b452], sa_mask[0]=00100000000000000000000000000000, sa_flags=SA_RESTART|SA_SIGINFO
SIGHUP: [libjvm.dylib+0x489a1d], sa_mask[0]=11111111011111110111111111111111, sa_flags=SA_RESTART|SA_SIGINFO
SIGINT: [libjvm.dylib+0x489a1d], sa_mask[0]=11111111011111110111111111111111, sa_flags=SA_RESTART|SA_SIGINFO
SIGTERM: [libjvm.dylib+0x489a1d], sa_mask[0]=11111111011111110111111111111111, sa_flags=SA_RESTART|SA_SIGINFO
SIGQUIT: [libjvm.dylib+0x489a1d], sa_mask[0]=11111111011111110111111111111111, sa_flags=SA_RESTART|SA_SIGINFO


---------------  S Y S T E M  ---------------

OS:Bsduname:Darwin 16.7.0 Darwin Kernel Version 16.7.0: Fri Apr 27 17:59:46 PDT 2018; root:xnu-3789.73.13~1/RELEASE_X86_64 x86_64
rlimit: STACK 8192k, CORE 0k, NPROC 709, NOFILE 10240, AS infinity
load average:5.47 4.47 3.86

CPU:total 4 (initial active 4) (2 cores per cpu, 2 threads per core) family 6 model 61 stepping 4, cmov, cx8, fxsr, mmx, sse, sse2, sse3, ssse3, sse4.1, sse4.2, popcnt, avx, avx2, aes, clmul, erms, 3dnowpref, lzcnt, ht, tsc, tscinvbit, bmi1, bmi2, adx

Memory: 4k page, physical 8388608k(718400k free)

/proc/meminfo:


vm_info: Java HotSpot(TM) 64-Bit Server VM (25.181-b13) for bsd-amd64 JRE (1.8.0_181-b13), built on Jul  7 2018 01:02:31 by "java_re" with gcc 4.2.1 (Based on Apple Inc. build 5658) (LLVM build 2336.11.00)

time: Sat Sep 15 15:25:47 2018
elapsed time: 399 seconds (0d 0h 6m 39s)

